<?xml version="1.0" encoding="UTF-8"?>
<!-- Generated by org.testng.reporters.JUnitXMLReporter -->
<testsuite hostname="chenziyang" name="活动流程测试" tests="3" failures="0" timestamp="28 Mar 2017 02:11:46 GMT" time="179.169" errors="0">
  <testcase name="publish_activity" time="133.547" classname="Activity.Publish_ActivitywithallStep"/>
  <testcase name="to_joinActivity" time="33.327" classname="Activity.To_joinActivity"/>
  <testcase name="advice_to_activity" time="12.131" classname="Activity.Advice_to_activity"/>
</testsuite> <!-- 活动流程测试 -->
