<?xml version="1.0" encoding="UTF-8"?>
<!-- Generated by org.testng.reporters.JUnitXMLReporter -->
<testsuite hostname="chenziyang" name="磨课流程测试" tests="3" failures="0" timestamp="28 Mar 2017 02:10:01 GMT" time="74.029" errors="0">
  <testcase name="publish_moke" time="47.688" classname="Mo_course.Publish_moke"/>
  <testcase name="addtomoke" time="14.051" classname="Mo_course.join_moke"/>
  <testcase name="check_data" time="12.125" classname="Mo_course.Check_data"/>
</testsuite> <!-- 磨课流程测试 -->
