<?xml version="1.0" encoding="UTF-8"?>
<!-- Generated by org.testng.reporters.JUnitXMLReporter -->
<testsuite hostname="chenziyang" name="备课流程测试" tests="3" failures="0" timestamp="14 Mar 2017 09:42:11 GMT" time="35.43" errors="0">
  <testcase name="read_beker" time="12.227" classname="Backup_Course.publish_bcourse"/>
  <testcase name="join_bCourse" time="14.446" classname="Backup_Course.Join_bCourse"/>
  <testcase name="read" time="8.752" classname="Backup_Course.making"/>
</testsuite> <!-- 备课流程测试 -->
