<?xml version="1.0" encoding="UTF-8"?>
<!-- Generated by org.testng.reporters.JUnitXMLReporter -->
<testsuite hostname="chenziyang" name="文章交流测试" tests="4" failures="0" timestamp="14 Mar 2017 09:43:05 GMT" time="54.024" errors="0">
  <testcase name="sent_doc" time="19.908" classname="Documentation_and_exchange.SentDoc"/>
  <testcase name="sent_exchange" time="12.764" classname="Documentation_and_exchange.Sent_Exchange"/>
  <testcase name="document" time="9.32" classname="Documentation_and_exchange.take_comments"/>
  <testcase name="exchange" time="12.027" classname="Documentation_and_exchange.take_comments"/>
</testsuite> <!-- 文章交流测试 -->
