<?xml version="1.0" encoding="UTF-8"?>
<!-- Generated by org.testng.reporters.JUnitXMLReporter -->
<testsuite hostname="gg-PC" name="磨课流程测试" tests="3" failures="0" timestamp="26 Jan 2018 07:48:49 GMT" time="64.343" errors="0">
  <testcase name="publish_moke" time="26.373" classname="Mo_course.Publish_moke"/>
  <testcase name="addtomoke" time="19.754" classname="Mo_course.join_moke"/>
  <testcase name="check_data" time="18.212" classname="Mo_course.Check_data"/>
</testsuite> <!-- 磨课流程测试 -->
