<?xml version="1.0" encoding="UTF-8"?>
<!-- Generated by org.testng.reporters.JUnitXMLReporter -->
<testsuite hostname="chenziyang" name="删除测试" tests="9" failures="0" timestamp="3 Aug 2017 01:22:25 GMT" time="278.411" errors="0">
  <testcase name="beike_delete" time="20.549" classname="DeleteTesting.BeikeDeleteTest"/>
  <testcase name="diaochawenjuan_delete" time="20.744" classname="DeleteTesting.DiaochawenjuanDeleteTest"/>
  <testcase name="huodong_delete" time="27.122" classname="DeleteTesting.HuodongDeleteTest"/>
  <testcase name="jiaoliu_delete" time="54.023" classname="DeleteTesting.JiaoLiuDeleteTest"/>
  <testcase name="keguantiDeleteTest" time="13.551" classname="DeleteTesting.KeguantiDeleteTest"/>
  <testcase name="moke_delete" time="18.478" classname="DeleteTesting.MokeDeleteTest"/>
  <testcase name="xiezuo_delete" time="12.394" classname="DeleteTesting.TongbanxiezuoDeleteTest"/>
  <testcase name="wenzhang_delete" time="72.421" classname="DeleteTesting.WenzhangDeleteTest"/>
  <testcase name="zuoye_delete" time="39.118" classname="DeleteTesting.ZuoyeDeleteTest"/>
</testsuite> <!-- 删除测试 -->
