<?xml version="1.0" encoding="UTF-8"?>
<!-- Generated by org.testng.reporters.JUnitXMLReporter -->
<testsuite hostname="chenziyang" name="各角色主页测试" tests="3" failures="3" timestamp="10 Jan 2018 07:37:31 GMT" time="249.77" errors="0">
  <testcase name="raimn" time="88.404" classname="HomePage.EveryRole_HomePage">
    <failure type="java.lang.AssertionError" message="expected [false] but found [true]">
      <![CDATA[java.lang.AssertionError: expected [false] but found [true]
	at HomePage.EveryRole_HomePage.raimn(EveryRole_HomePage.java:153)
	at java.util.concurrent.FutureTask$Sync.innerRun(FutureTask.java:334)
	at java.util.concurrent.FutureTask.run(FutureTask.java:166)
	at java.util.concurrent.ThreadPoolExecutor.runWorker(ThreadPoolExecutor.java:1110)
	at java.util.concurrent.ThreadPoolExecutor$Worker.run(ThreadPoolExecutor.java:603)
	at java.lang.Thread.run(Thread.java:722)
... Removed 21 stack frames]]>
    </failure>
  </testcase> <!-- raimn -->
  <testcase name="raimn" time="87.685" classname="HomePage.EveryRole_HomePage">
    <failure type="java.lang.AssertionError" message="expected [false] but found [true]">
      <![CDATA[java.lang.AssertionError: expected [false] but found [true]
	at HomePage.EveryRole_HomePage.raimn(EveryRole_HomePage.java:153)
	at java.util.concurrent.FutureTask$Sync.innerRun(FutureTask.java:334)
	at java.util.concurrent.FutureTask.run(FutureTask.java:166)
	at java.util.concurrent.ThreadPoolExecutor.runWorker(ThreadPoolExecutor.java:1110)
	at java.util.concurrent.ThreadPoolExecutor$Worker.run(ThreadPoolExecutor.java:603)
	at java.lang.Thread.run(Thread.java:722)
... Removed 21 stack frames]]>
    </failure>
  </testcase> <!-- raimn -->
  <testcase name="raimn" time="73.523" classname="HomePage.EveryRole_HomePage">
    <failure type="java.lang.AssertionError" message="expected [false] but found [true]">
      <![CDATA[java.lang.AssertionError: expected [false] but found [true]
	at HomePage.EveryRole_HomePage.raimn(EveryRole_HomePage.java:153)
	at java.util.concurrent.FutureTask$Sync.innerRun(FutureTask.java:334)
	at java.util.concurrent.FutureTask.run(FutureTask.java:166)
	at java.util.concurrent.ThreadPoolExecutor.runWorker(ThreadPoolExecutor.java:1110)
	at java.util.concurrent.ThreadPoolExecutor$Worker.run(ThreadPoolExecutor.java:603)
	at java.lang.Thread.run(Thread.java:722)
... Removed 21 stack frames]]>
    </failure>
  </testcase> <!-- raimn -->
</testsuite> <!-- 各角色主页测试 -->
