<?xml version="1.0" encoding="UTF-8"?>
<!-- Generated by org.testng.reporters.JUnitXMLReporter -->
<testsuite hostname="chenziyang" name="备课流程测试" tests="3" failures="0" timestamp="3 Aug 2017 01:17:18 GMT" time="130.525" errors="0">
  <testcase name="read_beker" time="72.445" classname="Backup_Course.publish_bcourse"/>
  <testcase name="join_bCourse" time="35.264" classname="Backup_Course.Join_bCourse"/>
  <testcase name="read" time="22.536" classname="Backup_Course.making"/>
</testsuite> <!-- 备课流程测试 -->
