<?xml version="1.0" encoding="UTF-8"?>
<!-- Generated by org.testng.reporters.JUnitXMLReporter -->
<testsuite hostname="chenziyang" name="新活动测试" tests="3" failures="0" timestamp="3 Aug 2017 01:18:54 GMT" time="122.925" errors="0">
  <testcase name="publishHuodong" time="78.786" classname="NewActivity.ChengGuoZhanSi"/>
  <testcase name="studuentakePartActivity" time="25.221" classname="NewActivity.JoinActivity"/>
  <testcase name="checkHuodongOfStudents" time="18.913" classname="NewActivity.MakingHuodong"/>
</testsuite> <!-- 新活动测试 -->
