<?xml version="1.0" encoding="UTF-8"?>
<!-- Generated by org.testng.reporters.JUnitXMLReporter -->
<testsuite hostname="chenziyang" name="磨课流程测试" tests="3" failures="0" timestamp="3 Aug 2017 01:16:51 GMT" time="103.67" errors="0">
  <testcase name="publish_moke" time="74.486" classname="Mo_course.Publish_moke"/>
  <testcase name="addtomoke" time="16.455" classname="Mo_course.join_moke"/>
  <testcase name="check_data" time="12.449" classname="Mo_course.Check_data"/>
</testsuite> <!-- 磨课流程测试 -->
