<?xml version="1.0" encoding="UTF-8"?>
<!-- Generated by org.testng.reporters.JUnitXMLReporter -->
<testsuite hostname="chenziyang" name="统计查询测试" tests="6" failures="0" timestamp="10 Jan 2018 07:40:35 GMT" time="248.55" errors="0">
  <testcase name="publish_activity" time="50.698" classname="tongjichaxun.Banjitongji"/>
  <testcase name="publish_activity" time="53.369" classname="tongjichaxun.Fenleitongji"/>
  <testcase name="publish_activity" time="60.717" classname="tongjichaxun.Fudaolaoshi"/>
  <testcase name="publish_activity" time="32.237" classname="tongjichaxun.Guanliyuan"/>
  <testcase name="publish_activity" time="18.376" classname="tongjichaxun.Xuanyuan"/>
  <testcase name="publish_activity" time="33.144" classname="tongjichaxun.Zhuanjia"/>
</testsuite> <!-- 统计查询测试 -->
